2025-11-04T18:58:44.388-06:00  INFO 5904 --- [project] [main] com.baylor.app.InventoryApp              : Starting InventoryApp using Java 24.0.2 with PID 5904 (C:\Users\Agent Argon\Documents\Books\ASE\ASEWorkSpace\CSI5354-InventoryManagementSystem\target\classes started by Agent Argon in C:\Users\Agent Argon\Documents\Books\ASE\ASEWorkSpace\CSI5354-InventoryManagementSystem)
2025-11-04T18:58:44.390-06:00  INFO 5904 --- [project] [main] com.baylor.app.InventoryApp              : No active profile set, falling back to 1 default profile: "default"
2025-11-04T18:58:45.040-06:00  INFO 5904 --- [project] [main] .s.d.r.c.RepositoryConfigurationDelegate : Bootstrapping Spring Data JPA repositories in DEFAULT mode.
2025-11-04T18:58:45.089-06:00  INFO 5904 --- [project] [main] .s.d.r.c.RepositoryConfigurationDelegate : Finished Spring Data repository scanning in 39 ms. Found 3 JPA repository interfaces.
2025-11-04T18:58:45.631-06:00  INFO 5904 --- [project] [main] o.s.b.w.embedded.tomcat.TomcatWebServer  : Tomcat initialized with port 8080 (http)
2025-11-04T18:58:45.644-06:00  INFO 5904 --- [project] [main] o.apache.catalina.core.StandardService   : Starting service [Tomcat]
2025-11-04T18:58:45.644-06:00  INFO 5904 --- [project] [main] o.apache.catalina.core.StandardEngine    : Starting Servlet engine: [Apache Tomcat/10.1.34]
2025-11-04T18:58:45.693-06:00  INFO 5904 --- [project] [main] o.a.c.c.C.[Tomcat].[localhost].[/]       : Initializing Spring embedded WebApplicationContext
2025-11-04T18:58:45.693-06:00  INFO 5904 --- [project] [main] w.s.c.ServletWebServerApplicationContext : Root WebApplicationContext: initialization completed in 1262 ms
2025-11-04T18:58:45.895-06:00  INFO 5904 --- [project] [main] com.zaxxer.hikari.HikariDataSource       : HikariPool-1 - Starting...
2025-11-04T18:58:46.044-06:00  INFO 5904 --- [project] [main] com.zaxxer.hikari.pool.HikariPool        : HikariPool-1 - Added connection conn0: url=jdbc:h2:mem:f2224d71-b817-47f4-a4c0-df76c2b8675f user=SA
2025-11-04T18:58:46.045-06:00  INFO 5904 --- [project] [main] com.zaxxer.hikari.HikariDataSource       : HikariPool-1 - Start completed.
2025-11-04T18:58:46.091-06:00  INFO 5904 --- [project] [main] o.hibernate.jpa.internal.util.LogHelper  : HHH000204: Processing PersistenceUnitInfo [name: default]
2025-11-04T18:58:46.135-06:00  INFO 5904 --- [project] [main] org.hibernate.Version                    : HHH000412: Hibernate ORM core version 6.6.5.Final
2025-11-04T18:58:46.164-06:00  INFO 5904 --- [project] [main] o.h.c.internal.RegionFactoryInitiator    : HHH000026: Second-level cache disabled
2025-11-04T18:58:46.386-06:00  INFO 5904 --- [project] [main] o.s.o.j.p.SpringPersistenceUnitInfo      : No LoadTimeWeaver setup: ignoring JPA class transformer
2025-11-04T18:58:46.439-06:00  INFO 5904 --- [project] [main] org.hibernate.orm.connections.pooling    : HHH10001005: Database info:
	Database JDBC URL [Connecting through datasource 'HikariDataSource (HikariPool-1)']
	Database driver: undefined/unknown
	Database version: 2.3.232
	Autocommit mode: undefined/unknown
	Isolation level: undefined/unknown
	Minimum pool size: undefined/unknown
	Maximum pool size: undefined/unknown
2025-11-04T18:58:46.982-06:00  INFO 5904 --- [project] [main] o.h.e.t.j.p.i.JtaPlatformInitiator       : HHH000489: No JTA platform available (set 'hibernate.transaction.jta.platform' to enable JTA platform integration)
2025-11-04T18:58:47.021-06:00  INFO 5904 --- [project] [main] j.LocalContainerEntityManagerFactoryBean : Initialized JPA EntityManagerFactory for persistence unit 'default'
2025-11-04T18:58:47.343-06:00  WARN 5904 --- [project] [main] JpaBaseConfiguration$JpaWebConfiguration : spring.jpa.open-in-view is enabled by default. Therefore, database queries may be performed during view rendering. Explicitly configure spring.jpa.open-in-view to disable this warning
2025-11-04T18:58:47.883-06:00  INFO 5904 --- [project] [main] o.s.b.a.e.web.EndpointLinksResolver      : Exposing 1 endpoint beneath base path '/actuator'
2025-11-04T18:58:47.945-06:00  INFO 5904 --- [project] [main] o.s.b.w.embedded.tomcat.TomcatWebServer  : Tomcat started on port 8080 (http) with context path '/'
2025-11-04T18:58:47.955-06:00  INFO 5904 --- [project] [main] com.baylor.app.InventoryApp              : Started InventoryApp in 3.911 seconds (process running for 4.227)
